	Exporter version: 4.6.1, Blender version: 2.78 (sub 0)
========= Conversion from Blender to Babylon.js =========
	Scene settings used:
		selected layers only:  false
		flat shading entire scene:  false
		inline textures:  false
		texture directory:  C:\boum\manbab\
	Python World class constructor completed
	WARNING: No active camera has been assigned, or is not in a currently selected Blender layer
	processing begun of skeleton:  Man, id:  0
		processing begun of bone:  Hips, index:  0
		processing begun of bone:  LHipJoint, index:  1
		processing begun of bone:  LeftUpLeg, index:  2
		processing begun of bone:  LeftLeg, index:  3
		processing begun of bone:  LeftFoot, index:  4
		processing begun of bone:  LeftToeBase, index:  5
		processing begun of bone:  LowerBack, index:  6
		processing begun of bone:  Spine, index:  7
		processing begun of bone:  Spine1, index:  8
		processing begun of bone:  LeftShoulder, index:  9
		processing begun of bone:  LeftArm, index:  10
		processing begun of bone:  LeftForeArm, index:  11
		processing begun of bone:  LeftHand, index:  12
		processing begun of bone:  LThumb, index:  13
		processing begun of bone:  LeftFingerBase, index:  14
		processing begun of bone:  LeftHandFinger1, index:  15
		processing begun of bone:  Neck, index:  16
		processing begun of bone:  Neck1, index:  17
		processing begun of bone:  Head, index:  18
		processing begun of bone:  RightShoulder, index:  19
		processing begun of bone:  RightArm, index:  20
		processing begun of bone:  RightForeArm, index:  21
		processing begun of bone:  RightHand, index:  22
		processing begun of bone:  RThumb, index:  23
		processing begun of bone:  RightFingerBase, index:  24
		processing begun of bone:  RightHandFinger1, index:  25
		processing begun of bone:  RHipJoint, index:  26
		processing begun of bone:  RightUpLeg, index:  27
		processing begun of bone:  RightLeg, index:  28
		processing begun of bone:  RightFoot, index:  29
		processing begun of bone:  RightToeBase, index:  30
		processing action walk:  in[0 - 250], out[0 - 250]
	processing begun of mesh:  Man:Short04
		processing begun of Standard material:  Man:Short04:Short04
			Diffuse texture found "short04_diffuse"
				Image texture found, type:  diffuseTexture, mapped using: "UVMap"
				WARNING: Opacity non-std way to indicate opacity, use material alpha to also use Opacity texture
		processing begun of Standard material:  Man:Shoes03:Shoes03
			Diffuse texture found "shoes03_diffuse"
				Image texture found, type:  diffuseTexture, mapped using: "UVMap"
				WARNING: Opacity non-std way to indicate opacity, use material alpha to also use Opacity texture
		processing begun of Standard material:  Man:Male_elegantsuit01:Male_elegantsuit01
			Diffuse texture found "male_elegantsuit01_diffuse"
				Image texture found, type:  diffuseTexture, mapped using: "UVMap"
				WARNING: Opacity non-std way to indicate opacity, use material alpha to also use Opacity texture
		processing begun of Standard material:  Man:Eyebrow001:Eyebrow001
			Diffuse texture found "eyebrow001"
				Image texture found, type:  diffuseTexture, mapped using: "UVMap"
				WARNING: Opacity non-std way to indicate opacity, use material alpha to also use Opacity texture
		processing begun of Standard material:  Man:High-poly:Eye_brown
			Diffuse texture found "brown_eye"
				Image texture found, type:  diffuseTexture, mapped using: "UVMap"
				WARNING: Opacity non-std way to indicate opacity, use material alpha to also use Opacity texture
		processing begun of Standard material:  Man:Body:Middleage_cauasian_male
			Diffuse texture found "middleage_lightskinned_male_diffuse"
				Image texture found, type:  diffuseTexture, mapped using: "UVMap"
				WARNING: Opacity non-std way to indicate opacity, use material alpha to also use Opacity texture
		processing begun of multimaterial:  man.Multimaterial#0
		num positions      :  24226
		num normals        :  24226
		num uvs            :  48452
		num uvs2           :  0
		num colors         :  0
		num indices        :  112662
		Skeleton stats:  
			Total Influencers:  55287
			Avg # of influencers per vertex:  2.2821
			Highest # of influencers observed:  8, num vertices with this:  8
			exported as 8 influencers
			num skeletonWeights and skeletonIndices:  193808
========= Writing of scene file started =========
========= Writing of scene file completed =========
========= end of processing =========
elapsed time:  0 min, 11.7103 secs
